<?xml version="1.0" encoding="UTF-8"?>
<testng-results skipped="0" failed="0" ignored="0" total="1" passed="1">
  <reporter-output>
  </reporter-output>
  <suite name="Regresion" duration-ms="34" started-at="2017-12-14T13:21:06Z" finished-at="2017-12-14T13:21:06Z">
    <groups>
    </groups>
    <test name="FirstTest" duration-ms="34" started-at="2017-12-14T13:21:06Z" finished-at="2017-12-14T13:21:06Z">
      <class name="FirstNGTest">
        <test-method status="PASS" signature="setUpClass()[pri:0, instance:FirstNGTest@3f29e26]" name="setUpClass" is-config="true" duration-ms="9" started-at="2017-12-14T07:21:06Z" finished-at="2017-12-14T07:21:06Z">
          <reporter-output>
          </reporter-output>
        </test-method> <!-- setUpClass -->
        <test-method status="PASS" signature="setUpMethod()[pri:0, instance:FirstNGTest@3f29e26]" name="setUpMethod" is-config="true" duration-ms="0" started-at="2017-12-14T07:21:06Z" finished-at="2017-12-14T07:21:06Z">
          <reporter-output>
          </reporter-output>
        </test-method> <!-- setUpMethod -->
        <test-method status="PASS" signature="testIntegerArithmeticMultiplyIntegers()[pri:0, instance:FirstNGTest@3f29e26]" name="testIntegerArithmeticMultiplyIntegers" duration-ms="1" started-at="2017-12-14T07:21:06Z" finished-at="2017-12-14T07:21:06Z">
          <reporter-output>
          </reporter-output>
        </test-method> <!-- testIntegerArithmeticMultiplyIntegers -->
        <test-method status="PASS" signature="tearDownMethod()[pri:0, instance:FirstNGTest@3f29e26]" name="tearDownMethod" is-config="true" duration-ms="1" started-at="2017-12-14T07:21:06Z" finished-at="2017-12-14T07:21:06Z">
          <reporter-output>
          </reporter-output>
        </test-method> <!-- tearDownMethod -->
        <test-method status="PASS" signature="tearDownClass()[pri:0, instance:FirstNGTest@3f29e26]" name="tearDownClass" is-config="true" duration-ms="0" started-at="2017-12-14T07:21:06Z" finished-at="2017-12-14T07:21:06Z">
          <reporter-output>
          </reporter-output>
        </test-method> <!-- tearDownClass -->
      </class> <!-- FirstNGTest -->
    </test> <!-- FirstTest -->
  </suite> <!-- Regresion -->
</testng-results>
